<?xml version="1.0" encoding="UTF-8"?>
<!-- Generated by org.testng.reporters.JUnitReportReporter -->
<testsuite hostname="DESKTOP-5EVK54D" failures="0" tests="1" name="com.spotify.tests.PlaylistWithNegativeScenario" time="0.276" errors="0" timestamp="2023-10-07T08:23:44 IST" skipped="0">
  <testcase classname="com.spotify.tests.PlaylistWithNegativeScenario" name="shouldNotBeAuthorized" time="0.276"/>
  <system-out/>
</testsuite> <!-- com.spotify.tests.PlaylistWithNegativeScenario -->
